11:39:37| Starting to retrieve data from the server
11:40:52| ----------------------------------------
11:40:52| Title: Revenge of the Sith
11:40:52| Directer: George Lucas
11:40:52| Producer: Rick McCallum
11:40:52| Released: 2005-05-19
11:40:52| 
11:40:52| Characters: 34
11:40:52| Adi Gallia,Anakin Skywalker,Ayla Secura,Bail Prestor Organa,Beru Whitesun lars,C-3PO,Chewbacca,Darth Vader,Dooku,Eeth Koth,Grievous,Ki-Adi-Mundi,Kit Fisto,Leia Organa,Luke Skywalker,Luminara Unduli,Mace Windu,Nute Gunray,Obi-Wan Kenobi,Owen Lars,Padmé Amidala,Palpatine,Plo Koon,Poggle the Lesser,R2-D2,R4-P17,Raymus Antilles,Saesee Tiin,Shaak Ti,Sly Moore,Tarfful,Tion Medon,Wilhuff Tarkin,Yoda
11:40:52| 
11:40:52| Planets: 13
11:40:52| Alderaan,Cato Neimoidia,Coruscant,Dagobah,Felucia,Kashyyyk,Mustafar,Mygeeto,Naboo,Polis Massa,Saleucami,Tatooine,Utapau
11:40:52| 
11:40:52| Starships: 12
11:40:52| Banking clan frigte,Belbullab-22 starfighter,CR90 corvette,Droid control ship,Jedi Interceptor,Jedi starfighter,Naboo star skiff,Republic attack cruiser,Theta-class T-2c shuttle,Trade Federation cruiser,V-wing,arc-170
11:40:52| 
11:40:52| Vehicles: 13
11:40:52| AT-RT,AT-TE,Clone turbo tank,Corporate Alliance tank droid,Droid gunship,Droid tri-fighter,Emergency Firespeeder,LAAT/i,Neimoidian shuttle,Oevvaor jet catamaran,Raddaugh Gnasp fluttercraft,Tsmeu-6 personal wheel bike,Vulture Droid
11:40:52| 
11:40:52| Total Time To complete = 74.47786370
11:40:52| There were 73 calls to the server
