15:22:37| --------------------------------------------------------------------------------
15:22:37| Primes: 0
15:22:37|  
15:22:37| --------------------------------------------------------------------------------
15:22:37| Words: 0
15:22:37|  
15:22:37| --------------------------------------------------------------------------------
15:22:37| Uppercase: 0
15:22:37|  
15:22:37| --------------------------------------------------------------------------------
15:22:37| Sums: 0
15:22:37|  
15:22:37| --------------------------------------------------------------------------------
15:22:37| Names: 0
15:22:37|  
15:22:37| Number of Primes tasks: 0
15:22:37| Number of Words tasks: 0
15:22:37| Number of Uppercase tasks: 0
15:22:37| Number of Sums tasks: 0
15:22:37| Number of Names tasks: 0
15:22:37| Finished processes 0 tasks = 5.55283320
