15:23:23| --------------------------------------------------------------------------------
15:23:23| Primes: 0
15:23:23|  
15:23:23| --------------------------------------------------------------------------------
15:23:23| Words: 0
15:23:23|  
15:23:23| --------------------------------------------------------------------------------
15:23:23| Uppercase: 0
15:23:23|  
15:23:23| --------------------------------------------------------------------------------
15:23:23| Sums: 0
15:23:23|  
15:23:23| --------------------------------------------------------------------------------
15:23:23| Names: 0
15:23:23|  
15:23:23| Number of Primes tasks: 0
15:23:23| Number of Words tasks: 0
15:23:23| Number of Uppercase tasks: 0
15:23:23| Number of Sums tasks: 0
15:23:23| Number of Names tasks: 0
15:23:23| Finished processes 0 tasks = 7.97680020
