14:13:55| Starting to retrieve data from the server
14:14:04| ----------------------------------------
14:14:04| Title: Revenge of the Sith
14:14:04| Directer: George Lucas
14:14:04| Producer: Rick McCallum
14:14:04| Released: 2005-05-19
14:14:04| 
14:14:04| Characters: 34
14:14:04| Adi Gallia,Anakin Skywalker,Ayla Secura,Bail Prestor Organa,Beru Whitesun lars,C-3PO,Chewbacca,Darth Vader,Dooku,Eeth Koth,Grievous,Ki-Adi-Mundi,Kit Fisto,Leia Organa,Luke Skywalker,Luminara Unduli,Mace Windu,Nute Gunray,Obi-Wan Kenobi,Owen Lars,Padmé Amidala,Palpatine,Plo Koon,Poggle the Lesser,R2-D2,R4-P17,Raymus Antilles,Saesee Tiin,Shaak Ti,Sly Moore,Tarfful,Tion Medon,Wilhuff Tarkin,Yoda
14:14:04| 
14:14:04| Planets: 13
14:14:04| Alderaan,Cato Neimoidia,Coruscant,Dagobah,Felucia,Kashyyyk,Mustafar,Mygeeto,Naboo,Polis Massa,Saleucami,Tatooine,Utapau
14:14:04| 
14:14:04| Starships: 12
14:14:04| Banking clan frigte,Belbullab-22 starfighter,CR90 corvette,Droid control ship,Jedi Interceptor,Jedi starfighter,Naboo star skiff,Republic attack cruiser,Theta-class T-2c shuttle,Trade Federation cruiser,V-wing,arc-170
14:14:04| 
14:14:04| Vehicles: 13
14:14:04| AT-RT,AT-TE,Clone turbo tank,Corporate Alliance tank droid,Droid gunship,Droid tri-fighter,Emergency Firespeeder,LAAT/i,Neimoidian shuttle,Oevvaor jet catamaran,Raddaugh Gnasp fluttercraft,Tsmeu-6 personal wheel bike,Vulture Droid
14:14:04| 
14:14:04| Species: 20
14:14:04| Cerean,Chagrian,Clawdite,Droid,Geonosian,Human,Iktotchi,Kaleesh,Kel Dor,Mirialan,Muun,Pau an,Quermian,Skakoan,Tholothian,Togruta,Toong,Twi lek,Wookie,Yoda species
14:14:04| 
14:14:04| Total Time To complete = 9.16501130
14:14:04| There were 94 calls to the server
