12:43:49| Starting to retrieve data from the server
12:44:45| ----------------------------------------
12:44:45| Title: Revenge of the Sith
12:44:45| Directer: George Lucas
12:44:45| Producer: Rick McCallum
12:44:45| Released: 2005-05-19
12:44:45| 
12:44:45| Characters: 18
12:44:45| Adi Gallia,Anakin Skywalker,C-3PO,Dooku,Grievous,Ki-Adi-Mundi,Leia Organa,Luke Skywalker,Luminara Unduli,Mace Windu,Nute Gunray,Owen Lars,Palpatine,Saesee Tiin,Shaak Ti,Sly Moore,Tion Medon,Wilhuff Tarkin
12:44:45| 
12:44:45| Planets: 8
12:44:45| Coruscant,Coruscant,Polis Massa,Polis Massa,Saleucami,Saleucami,Tatooine,Tatooine
12:44:45| 
12:44:45| Starships: 12
12:44:45| Banking clan frigte,Belbullab-22 starfighter,CR90 corvette,Droid control ship,Jedi Interceptor,Jedi starfighter,Naboo star skiff,Republic attack cruiser,Theta-class T-2c shuttle,Trade Federation cruiser,V-wing,arc-170
12:44:45| 
12:44:45| Vehicles: 13
12:44:45| AT-RT,AT-TE,Clone turbo tank,Corporate Alliance tank droid,Droid gunship,Droid tri-fighter,Emergency Firespeeder,LAAT/i,Neimoidian shuttle,Oevvaor jet catamaran,Raddaugh Gnasp fluttercraft,Tsmeu-6 personal wheel bike,Vulture Droid
12:44:45| 
12:44:45| Species: 20
12:44:45| Cerean,Chagrian,Clawdite,Droid,Geonosian,Human,Iktotchi,Kaleesh,Kel Dor,Mirialan,Muun,Pau an,Quermian,Skakoan,Tholothian,Togruta,Toong,Twi lek,Wookie,Yoda species
12:44:45| 
12:44:45| Total Time To complete = 56.40602890
12:44:45| There were 72 calls to the server
