13:28:11| Starting to retrieve data from the server
13:28:22| ----------------------------------------
13:28:22| Title: Revenge of the Sith
13:28:22| Directer: George Lucas
13:28:22| Producer: Rick McCallum
13:28:22| Released: 2005-05-19
13:28:22| 
13:28:22| Characters: 34
13:28:22| Adi Gallia,Anakin Skywalker,Ayla Secura,Bail Prestor Organa,Beru Whitesun lars,C-3PO,Chewbacca,Darth Vader,Dooku,Eeth Koth,Grievous,Ki-Adi-Mundi,Kit Fisto,Leia Organa,Luke Skywalker,Luminara Unduli,Mace Windu,Nute Gunray,Obi-Wan Kenobi,Owen Lars,Padmé Amidala,Palpatine,Plo Koon,Poggle the Lesser,R2-D2,R4-P17,Raymus Antilles,Saesee Tiin,Shaak Ti,Sly Moore,Tarfful,Tion Medon,Wilhuff Tarkin,Yoda
13:28:22| 
13:28:22| Planets: 13
13:28:22| Alderaan,Cato Neimoidia,Coruscant,Dagobah,Felucia,Kashyyyk,Mustafar,Mygeeto,Naboo,Polis Massa,Saleucami,Tatooine,Utapau
13:28:22| 
13:28:22| Starships: 12
13:28:22| Banking clan frigte,Belbullab-22 starfighter,CR90 corvette,Droid control ship,Jedi Interceptor,Jedi starfighter,Naboo star skiff,Republic attack cruiser,Theta-class T-2c shuttle,Trade Federation cruiser,V-wing,arc-170
13:28:22| 
13:28:22| Vehicles: 13
13:28:22| AT-RT,AT-TE,Clone turbo tank,Corporate Alliance tank droid,Droid gunship,Droid tri-fighter,Emergency Firespeeder,LAAT/i,Neimoidian shuttle,Oevvaor jet catamaran,Raddaugh Gnasp fluttercraft,Tsmeu-6 personal wheel bike,Vulture Droid
13:28:22| 
13:28:22| Species: 20
13:28:22| Cerean,Chagrian,Clawdite,Droid,Geonosian,Human,Iktotchi,Kaleesh,Kel Dor,Mirialan,Muun,Pau an,Quermian,Skakoan,Tholothian,Togruta,Toong,Twi lek,Wookie,Yoda species
13:28:22| 
13:28:22| Total Time To complete = 11.12512860
13:28:22| There were 93 calls to the server
