14:08:02| Starting to retrieve data from the server
14:08:24| ----------------------------------------
14:08:24| Title: Revenge of the Sith
14:08:24| Directer: George Lucas
14:08:24| Producer: Rick McCallum
14:08:24| Released: 2005-05-19
14:08:24| 
14:08:24| Characters: 15
14:08:24| Anakin Skywalker,Beru Whitesun lars,C-3PO,Chewbacca,Darth Vader,Leia Organa,Luke Skywalker,Nute Gunray,Obi-Wan Kenobi,Owen Lars,Padmé Amidala,Palpatine,R2-D2,Wilhuff Tarkin,Yoda
14:08:24| 
14:08:24| Planets: 6
14:08:24| Alderaan,Coruscant,Dagobah,Naboo,Tatooine,Utapau
14:08:24| 
14:08:24| Starships: 6
14:08:24| CR90 corvette,Droid control ship,Jedi starfighter,Republic attack cruiser,Theta-class T-2c shuttle,Trade Federation cruiser
14:08:24| 
14:08:24| Vehicles: 6
14:08:24| AT-TE,Emergency Firespeeder,LAAT/i,Neimoidian shuttle,Tsmeu-6 personal wheel bike,Vulture Droid
14:08:24| 
14:08:24| Species: 9
14:08:24| Cerean,Droid,Human,Iktotchi,Tholothian,Toong,Twi lek,Wookie,Yoda species
14:08:24| 
14:08:24| Total Time To complete = 21.55003740
14:08:24| There were 44 calls to the server
