12:20:36| Starting to retrieve data from the server
12:21:36| ----------------------------------------
12:21:36| Title: Revenge of the Sith
12:21:36| Directer: George Lucas
12:21:36| Producer: Rick McCallum
12:21:36| Released: 2005-05-19
12:21:36| 
12:21:36| Characters: 0
12:21:36| 
12:21:36| 
12:21:36| Planets: 13
12:21:36| Alderaan,Cato Neimoidia,Coruscant,Dagobah,Felucia,Kashyyyk,Mustafar,Mygeeto,Naboo,Polis Massa,Saleucami,Tatooine,Utapau
12:21:36| 
12:21:36| Starships: 12
12:21:36| Banking clan frigte,Belbullab-22 starfighter,CR90 corvette,Droid control ship,Jedi Interceptor,Jedi starfighter,Naboo star skiff,Republic attack cruiser,Theta-class T-2c shuttle,Trade Federation cruiser,V-wing,arc-170
12:21:36| 
12:21:36| Vehicles: 13
12:21:36| AT-RT,AT-TE,Clone turbo tank,Corporate Alliance tank droid,Droid gunship,Droid tri-fighter,Emergency Firespeeder,LAAT/i,Neimoidian shuttle,Oevvaor jet catamaran,Raddaugh Gnasp fluttercraft,Tsmeu-6 personal wheel bike,Vulture Droid
12:21:36| 
12:21:36| Species: 20
12:21:36| Cerean,Chagrian,Clawdite,Droid,Geonosian,Human,Iktotchi,Kaleesh,Kel Dor,Mirialan,Muun,Pau an,Quermian,Skakoan,Tholothian,Togruta,Toong,Twi lek,Wookie,Yoda species
12:21:36| 
12:21:36| Total Time To complete = 60.41427900
12:21:36| There were 59 calls to the server
