12:41:05| Starting to retrieve data from the server
12:42:14| ----------------------------------------
12:42:14| Title: Revenge of the Sith
12:42:14| Directer: George Lucas
12:42:14| Producer: Rick McCallum
12:42:14| Released: 2005-05-19
12:42:14| 
12:42:14| Characters: 18
12:42:14| Adi Gallia,Anakin Skywalker,C-3PO,Dooku,Grievous,Ki-Adi-Mundi,Leia Organa,Luke Skywalker,Luminara Unduli,Mace Windu,Nute Gunray,Owen Lars,Palpatine,Saesee Tiin,Shaak Ti,Sly Moore,Tion Medon,Wilhuff Tarkin
12:42:14| 
12:42:14| Planets: 13
12:42:14| Alderaan,Cato Neimoidia,Coruscant,Dagobah,Felucia,Kashyyyk,Mustafar,Mygeeto,Naboo,Polis Massa,Saleucami,Tatooine,Utapau
12:42:14| 
12:42:14| Starships: 12
12:42:14| Banking clan frigte,Belbullab-22 starfighter,CR90 corvette,Droid control ship,Jedi Interceptor,Jedi starfighter,Naboo star skiff,Republic attack cruiser,Theta-class T-2c shuttle,Trade Federation cruiser,V-wing,arc-170
12:42:14| 
12:42:14| Vehicles: 13
12:42:14| AT-RT,AT-TE,Clone turbo tank,Corporate Alliance tank droid,Droid gunship,Droid tri-fighter,Emergency Firespeeder,LAAT/i,Neimoidian shuttle,Oevvaor jet catamaran,Raddaugh Gnasp fluttercraft,Tsmeu-6 personal wheel bike,Vulture Droid
12:42:14| 
12:42:14| Species: 20
12:42:14| Cerean,Chagrian,Clawdite,Droid,Geonosian,Human,Iktotchi,Kaleesh,Kel Dor,Mirialan,Muun,Pau an,Quermian,Skakoan,Tholothian,Togruta,Toong,Twi lek,Wookie,Yoda species
12:42:14| 
12:42:14| Total Time To complete = 69.45650090
12:42:14| There were 77 calls to the server
