15:37:07| Starting to retrieve data from the server
15:37:17| ----------------------------------------
15:37:17| Title: Revenge of the Sith
15:37:17| Directer: George Lucas
15:37:17| Producer: Rick McCallum
15:37:17| Released: 2005-05-19
15:37:17| 
15:37:17| Characters: 34
15:37:17| Adi Gallia,Anakin Skywalker,Ayla Secura,Bail Prestor Organa,Beru Whitesun lars,C-3PO,Chewbacca,Darth Vader,Dooku,Eeth Koth,Grievous,Ki-Adi-Mundi,Kit Fisto,Leia Organa,Luke Skywalker,Luminara Unduli,Mace Windu,Nute Gunray,Obi-Wan Kenobi,Owen Lars,Padmé Amidala,Palpatine,Plo Koon,Poggle the Lesser,R2-D2,R4-P17,Raymus Antilles,Saesee Tiin,Shaak Ti,Sly Moore,Tarfful,Tion Medon,Wilhuff Tarkin,Yoda
15:37:17| 
15:37:17| Planets: 13
15:37:17| Alderaan,Cato Neimoidia,Coruscant,Dagobah,Felucia,Kashyyyk,Mustafar,Mygeeto,Naboo,Polis Massa,Saleucami,Tatooine,Utapau
15:37:17| 
15:37:17| Starships: 12
15:37:17| Banking clan frigte,Belbullab-22 starfighter,CR90 corvette,Droid control ship,Jedi Interceptor,Jedi starfighter,Naboo star skiff,Republic attack cruiser,Theta-class T-2c shuttle,Trade Federation cruiser,V-wing,arc-170
15:37:17| 
15:37:17| Vehicles: 13
15:37:17| AT-RT,AT-TE,Clone turbo tank,Corporate Alliance tank droid,Droid gunship,Droid tri-fighter,Emergency Firespeeder,LAAT/i,Neimoidian shuttle,Oevvaor jet catamaran,Raddaugh Gnasp fluttercraft,Tsmeu-6 personal wheel bike,Vulture Droid
15:37:17| 
15:37:17| Species: 20
15:37:17| Cerean,Chagrian,Clawdite,Droid,Geonosian,Human,Iktotchi,Kaleesh,Kel Dor,Mirialan,Muun,Pau an,Quermian,Skakoan,Tholothian,Togruta,Toong,Twi lek,Wookie,Yoda species
15:37:17| 
15:37:17| Total Time To complete = 9.24985140
15:37:17| There were 94 calls to the server
