11:03:22| --------------------------------------------------------------------------------
11:03:22| Primes: 0
11:03:22|  
11:03:22| --------------------------------------------------------------------------------
11:03:22| Words: 0
11:03:22|  
11:03:22| --------------------------------------------------------------------------------
11:03:22| Uppercase: 0
11:03:22|  
11:03:22| --------------------------------------------------------------------------------
11:03:22| Sums: 0
11:03:22|  
11:03:22| --------------------------------------------------------------------------------
11:03:22| Names: 0
11:03:22|  
11:03:22| Number of Primes tasks: 0
11:03:22| Number of Words tasks: 0
11:03:22| Number of Uppercase tasks: 0
11:03:22| Number of Sums tasks: 0
11:03:22| Number of Names tasks: 0
11:03:22| Finished processes 0 tasks = 6.75844340
